Build started 16.07.2014 13:03:37.
     1>Project "c:\ihome\HOST\usb_service\trunk\source\ihome_usb_utility\ihome_usb_utility\ihome_usb_utility.vcxproj" on node 2 (rebuild target(s)).
     1>InitializeBuildStatus:
         Creating "Debug\ihome_usb_utility.unsuccessfulbuild" because "AlwaysCreate" was specified.
       ClCompile:
         C:\Program Files (x86)\Microsoft Visual Studio 10.0\VC\bin\CL.exe /c /ZI /nologo /W3 /WX- /Od /Oy- /D WIN32 /D _DEBUG /D _CONSOLE /D _UNICODE /D UNICODE /Gm /EHsc /RTC1 /MDd /GS /fp:precise /Zc:wchar_t /Zc:forScope /Yc"StdAfx.h" /Fp"Debug\ihome_usb_utility.pch" /Fo"Debug\\" /Fd"Debug\vc100.pdb" /Gd /TP /analyze- /errorReport:prompt stdafx.cpp
         stdafx.cpp
         C:\Program Files (x86)\Microsoft Visual Studio 10.0\VC\bin\CL.exe /c /ZI /nologo /W3 /WX- /Od /Oy- /D WIN32 /D _DEBUG /D _CONSOLE /D _UNICODE /D UNICODE /Gm /EHsc /RTC1 /MDd /GS /fp:precise /Zc:wchar_t /Zc:forScope /Yu"StdAfx.h" /Fp"Debug\ihome_usb_utility.pch" /Fo"Debug\\" /Fd"Debug\vc100.pdb" /Gd /TP /analyze- /errorReport:prompt cpld.cpp ftdi_api.cpp ihome_usb_utility.cpp stm_host.cpp
         stm_host.cpp
         ihome_usb_utility.cpp
     1>c:\ihome\host\usb_service\trunk\source\ihome_usb_utility\ihome_usb_utility\ihome_usb_utility.cpp(40): warning C4996: 'swscanf': This function or variable may be unsafe. Consider using swscanf_s instead. To disable deprecation, use _CRT_SECURE_NO_WARNINGS. See online help for details.
                 c:\program files (x86)\microsoft visual studio 10.0\vc\include\stdio.h(582) : see declaration of 'swscanf'
     1>c:\ihome\host\usb_service\trunk\source\ihome_usb_utility\ihome_usb_utility\ihome_usb_utility.cpp(61): warning C4996: 'swscanf': This function or variable may be unsafe. Consider using swscanf_s instead. To disable deprecation, use _CRT_SECURE_NO_WARNINGS. See online help for details.
                 c:\program files (x86)\microsoft visual studio 10.0\vc\include\stdio.h(582) : see declaration of 'swscanf'
         ftdi_api.cpp
         cpld.cpp
         Generating Code...
       ManifestResourceCompile:
         C:\Program Files (x86)\Microsoft SDKs\Windows\v7.0A\bin\rc.exe /nologo /fo"Debug\ihome_usb_utility.exe.embed.manifest.res" Debug\ihome_usb_utility_manifest.rc 
       Link:
         C:\Program Files (x86)\Microsoft Visual Studio 10.0\VC\bin\link.exe /ERRORREPORT:PROMPT /OUT:"C:\ihome\HOST\usb_service\trunk\source\ihome_usb_utility\Debug\ihome_usb_utility.exe" /INCREMENTAL /NOLOGO ftd2xx.lib kernel32.lib user32.lib gdi32.lib winspool.lib comdlg32.lib advapi32.lib shell32.lib ole32.lib oleaut32.lib uuid.lib odbc32.lib odbccp32.lib /MANIFEST /ManifestFile:"Debug\ihome_usb_utility.exe.intermediate.manifest" /MANIFESTUAC:"level='asInvoker' uiAccess='false'" /DEBUG /PDB:"C:\ihome\HOST\usb_service\trunk\source\ihome_usb_utility\Debug\ihome_usb_utility.pdb" /SUBSYSTEM:CONSOLE /TLBID:1 /DYNAMICBASE /NXCOMPAT /IMPLIB:"C:\ihome\HOST\usb_service\trunk\source\ihome_usb_utility\Debug\ihome_usb_utility.lib" /MACHINE:X86 Debug\ihome_usb_utility.exe.embed.manifest.res
         Debug\cpld.obj
         Debug\ftdi_api.obj
         Debug\ihome_usb_utility.obj
         Debug\stdafx.obj
         Debug\stm_host.obj
       Manifest:
         Deleting file "Debug\ihome_usb_utility.exe.embed.manifest".
         C:\Program Files (x86)\Microsoft SDKs\Windows\v7.0A\bin\mt.exe /nologo /verbose /out:"Debug\ihome_usb_utility.exe.embed.manifest" /manifest Debug\ihome_usb_utility.exe.intermediate.manifest
         C:\Program Files (x86)\Microsoft SDKs\Windows\v7.0A\bin\rc.exe /nologo /fo"Debug\ihome_usb_utility.exe.embed.manifest.res" Debug\ihome_usb_utility_manifest.rc 
       LinkEmbedManifest:
         C:\Program Files (x86)\Microsoft Visual Studio 10.0\VC\bin\link.exe /ERRORREPORT:PROMPT /OUT:"C:\ihome\HOST\usb_service\trunk\source\ihome_usb_utility\Debug\ihome_usb_utility.exe" /INCREMENTAL /NOLOGO ftd2xx.lib kernel32.lib user32.lib gdi32.lib winspool.lib comdlg32.lib advapi32.lib shell32.lib ole32.lib oleaut32.lib uuid.lib odbc32.lib odbccp32.lib /MANIFEST /ManifestFile:"Debug\ihome_usb_utility.exe.intermediate.manifest" /MANIFESTUAC:"level='asInvoker' uiAccess='false'" /DEBUG /PDB:"C:\ihome\HOST\usb_service\trunk\source\ihome_usb_utility\Debug\ihome_usb_utility.pdb" /SUBSYSTEM:CONSOLE /TLBID:1 /DYNAMICBASE /NXCOMPAT /IMPLIB:"C:\ihome\HOST\usb_service\trunk\source\ihome_usb_utility\Debug\ihome_usb_utility.lib" /MACHINE:X86 Debug\ihome_usb_utility.exe.embed.manifest.res
         Debug\cpld.obj
         Debug\ftdi_api.obj
         Debug\ihome_usb_utility.obj
         Debug\stdafx.obj
         Debug\stm_host.obj
         ihome_usb_utility.vcxproj -> C:\ihome\HOST\usb_service\trunk\source\ihome_usb_utility\Debug\ihome_usb_utility.exe
       FinalizeBuildStatus:
         Deleting file "Debug\ihome_usb_utility.unsuccessfulbuild".
         Touching "Debug\ihome_usb_utility.lastbuildstate".
     1>Done Building Project "c:\ihome\HOST\usb_service\trunk\source\ihome_usb_utility\ihome_usb_utility\ihome_usb_utility.vcxproj" (rebuild target(s)).

Build succeeded.

Time Elapsed 00:00:02.50
