iMPACT Version: Jun  8 2013 14:42:21

iMPACT log file Started on Fri Sep 26 16:38:31 2014

Preference Table
Name                 Setting             
StartupClock         Auto_Correction     
AutoSignature        False               
KeepSVF              False               
ConcurrentMode       False               
UseHighz             False               
ConfigOnFailure      Stop                
UserLevel            Novice              
MessageLevel         Detailed            
svfUseTime           false               
SpiByteSwap          Auto_Correction     
AutoInfer            false               
SvfPlayDisplayComments false               
'1': Loading file 'cpld_relay_bbb_id87.jed' ...
done.
INFO:iMPACT:1777 - 
   Reading C:/Xilinx/14.6/ISE_DS/ISE/xbr/data/xc2c256.bsd...
INFO:iMPACT:501 - '1': Added Device xc2c256 successfully.
----------------------------------------------------------------------
----------------------------------------------------------------------


'1': Erasing device...
'1': Erasure completed successfully.
Elapsed time =      0 sec.


'1': Erasing device...
'1': Erasure completed successfully.
'1': Programming device...
done.
'1': Setting ISC done bits...done
'1': Programming completed successfully.
Elapsed time =      0 sec.
